c:\users\123\documents\github\2d\2d\x64\release\vc142.pdb
c:\users\123\documents\github\2d\2d\x64\release\vc142.idb
c:\users\123\documents\github\2d\2d\x64\release\source.obj
c:\users\123\documents\github\2d\2d\x64\release\color.obj
c:\users\123\documents\github\2d\2d\x64\release\settings.obj
c:\users\123\documents\github\2d\2d\x64\release\texture.obj
c:\users\123\documents\github\2d\2d\x64\release\input.obj
c:\users\123\documents\github\2d\2d\x64\release\bmp.obj
c:\users\123\documents\github\2d\2d\x64\release\functions.obj
c:\users\123\documents\github\2d\x64\release\2d.pdb
c:\users\123\documents\github\2d\2d\x64\release\2d.tlog\cl.command.1.tlog
c:\users\123\documents\github\2d\2d\x64\release\2d.tlog\cl.read.1.tlog
c:\users\123\documents\github\2d\2d\x64\release\2d.tlog\cl.write.1.tlog
c:\users\123\documents\github\2d\2d\x64\release\2d.tlog\link-cvtres.read.1.tlog
c:\users\123\documents\github\2d\2d\x64\release\2d.tlog\link-cvtres.write.1.tlog
c:\users\123\documents\github\2d\2d\x64\release\2d.tlog\link-rc.read.1.tlog
c:\users\123\documents\github\2d\2d\x64\release\2d.tlog\link-rc.write.1.tlog
c:\users\123\documents\github\2d\2d\x64\release\2d.tlog\link.command.1.tlog
c:\users\123\documents\github\2d\2d\x64\release\2d.tlog\link.delete.1.tlog
c:\users\123\documents\github\2d\2d\x64\release\2d.tlog\link.read.1.tlog
c:\users\123\documents\github\2d\2d\x64\release\2d.tlog\link.write.1.tlog
